0 info it worked if it ends with ok
1 verbose cli [ '/usr/local/Cellar/node/7.5.0/bin/node',
1 verbose cli   '/usr/local/lib/node_modules/cnpm/node_modules/.bin/npm',
1 verbose cli   '--userconfig=/Users/v/.cnpmrc',
1 verbose cli   '--disturl=https://npm.taobao.org/mirrors/node',
1 verbose cli   '--registry=https://registry.npm.taobao.org',
1 verbose cli   'run',
1 verbose cli   'dev' ]
2 info using npm@3.10.8
3 info using node@v7.5.0
4 verbose run-script [ 'predev', 'dev', 'postdev' ]
5 info lifecycle react@1.0.0~predev: react@1.0.0
6 silly lifecycle react@1.0.0~predev: no script for predev, continuing
7 info lifecycle react@1.0.0~dev: react@1.0.0
8 verbose lifecycle react@1.0.0~dev: unsafe-perm in lifecycle true
9 verbose lifecycle react@1.0.0~dev: PATH: /usr/local/lib/node_modules/cnpm/node_modules/npm/bin/node-gyp-bin:/Users/v/Desktop/react/node_modules/.bin:/usr/local/Cellar/node/7.5.0/bin:/usr/local/sbin:/usr/local/sbin:/Users/v/.autojump/bin:/usr/local/sbin:/usr/local/sbin:/Users/v/.autojump/bin:/usr/local/bin:/usr/bin:/bin:/usr/sbin:/sbin:/Applications/Server.app/Contents/ServerRoot/usr/bin:/Applications/Server.app/Contents/ServerRoot/usr/sbin
10 verbose lifecycle react@1.0.0~dev: CWD: /Users/v/Desktop/react
11 silly lifecycle react@1.0.0~dev: Args: [ '-c',
11 silly lifecycle   'webpack-dev-server --devtool eval --progress --colors --hot --content-base build' ]
12 silly lifecycle react@1.0.0~dev: Returned: code: 255  signal: null
13 info lifecycle react@1.0.0~dev: Failed to exec dev script
14 verbose stack Error: react@1.0.0 dev: `webpack-dev-server --devtool eval --progress --colors --hot --content-base build`
14 verbose stack Exit status 255
14 verbose stack     at EventEmitter.<anonymous> (/usr/local/lib/node_modules/cnpm/node_modules/npm/lib/utils/lifecycle.js:255:16)
14 verbose stack     at emitTwo (events.js:106:13)
14 verbose stack     at EventEmitter.emit (events.js:192:7)
14 verbose stack     at ChildProcess.<anonymous> (/usr/local/lib/node_modules/cnpm/node_modules/npm/lib/utils/spawn.js:40:14)
14 verbose stack     at emitTwo (events.js:106:13)
14 verbose stack     at ChildProcess.emit (events.js:192:7)
14 verbose stack     at maybeClose (internal/child_process.js:890:16)
14 verbose stack     at Process.ChildProcess._handle.onexit (internal/child_process.js:226:5)
15 verbose pkgid react@1.0.0
16 verbose cwd /Users/v/Desktop/react
17 error Darwin 16.3.0
18 error argv "/usr/local/Cellar/node/7.5.0/bin/node" "/usr/local/lib/node_modules/cnpm/node_modules/.bin/npm" "--userconfig=/Users/v/.cnpmrc" "--disturl=https://npm.taobao.org/mirrors/node" "--registry=https://registry.npm.taobao.org" "run" "dev"
19 error node v7.5.0
20 error npm  v3.10.8
21 error code ELIFECYCLE
22 error react@1.0.0 dev: `webpack-dev-server --devtool eval --progress --colors --hot --content-base build`
22 error Exit status 255
23 error Failed at the react@1.0.0 dev script 'webpack-dev-server --devtool eval --progress --colors --hot --content-base build'.
23 error Make sure you have the latest version of node.js and npm installed.
23 error If you do, this is most likely a problem with the react package,
23 error not with npm itself.
23 error Tell the author that this fails on your system:
23 error     webpack-dev-server --devtool eval --progress --colors --hot --content-base build
23 error You can get information on how to open an issue for this project with:
23 error     npm bugs react
23 error Or if that isn't available, you can get their info via:
23 error     npm owner ls react
23 error There is likely additional logging output above.
24 verbose exit [ 1, true ]
